[main 28b3bf1] Update number: 2025-05-08
 1 file changed, 1 insertion(+), 1 deletion(-)
Pushed successfully.
2025-05-08 20:29:02
Already scheduled today; skipping.
[main 726b502] Update number: 2025-05-10
 1 file changed, 1 insertion(+), 1 deletion(-)
Pushed successfully.
2025-05-10 16:02:03
Already scheduled today; skipping.
[main 2560b27] Update number: 2025-05-10
 1 file changed, 1 insertion(+), 1 deletion(-)
Pushed successfully.
2025-05-10 21:08:02
[main b6aac84] Update number: 2025-05-11
 1 file changed, 1 insertion(+), 1 deletion(-)
Pushed successfully.
2025-05-11 10:09:02
Scheduled 1 RANDOM run(s) today at: [(19, 4)]
2025-05-11 13:43:35
Scheduled 3 RANDOM run(s) today at: [(3, 8), (9, 48), (16, 30)]
2025-05-11 13:44:45
Scheduled 4 RANDOM run(s) today at: [(2, 45), (5, 34), (8, 2), (19, 45)]
2025-05-11 13:45:08
Scheduled 2 RANDOM run(s) today at: [(10, 17), (22, 17)]
2025-05-11 13:45:39
Scheduled 3 RANDOM run(s) today at: [(1, 33), (13, 33), (19, 1)]
2025-05-11 13:47:24
Scheduled 7 RANDOM run(s) today at: [(0, 13), (3, 5), (3, 16), (3, 18), (7, 8), (12, 12), (18, 47)]
2025-05-11 13:47:37
Scheduled 0 RANDOM run(s) today at: []
2025-05-11 13:47:52
Scheduled 4 RANDOM run(s) today at: [(2, 42), (8, 51), (12, 19), (12, 38)]
2025-05-11 13:48:01
Scheduled 6 RANDOM run(s) today at: [(1, 58), (6, 30), (13, 53), (15, 28), (17, 54), (23, 52)]
2025-05-11 13:48:12
[main e46e285] Update number: 2025-05-11
 1 file changed, 1 insertion(+), 1 deletion(-)
Pushed successfully.
2025-05-11 13:53:02
Already scheduled today; skipping.
[main 556ad53] Update number: 2025-05-11
 1 file changed, 1 insertion(+), 1 deletion(-)
Pushed successfully.
2025-05-11 15:28:02
[main a5d8a87] Update number: 2025-05-11
 1 file changed, 1 insertion(+), 1 deletion(-)
Pushed successfully.
2025-05-11 17:54:02
Already scheduled today; skipping.
[main 9ecf6c8] Update number: 2025-05-11
 1 file changed, 1 insertion(+), 1 deletion(-)
Pushed successfully.
2025-05-11 23:52:02
Scheduled 5 RANDOM run(s) today at: [(0, 38), (3, 37), (3, 45), (8, 26), (15, 5)]
2025-05-12 10:05:11
Scheduled 4 RANDOM run(s) today at: [(1, 22), (11, 9), (11, 24), (11, 55)]
2025-05-12 13:38:21
Scheduled 6 RANDOM run(s) today at: [(1, 55), (6, 19), (16, 7), (19, 7), (19, 46), (20, 54)]
2025-05-12 13:38:45
Already scheduled today; skipping.
[main 1c50da3] Update number: 2025-05-12
 1 file changed, 1 insertion(+), 1 deletion(-)
Pushed successfully.
2025-05-12 16:07:02
